# JRE version: OpenJDK Runtime Environment Temurin-17.0.5+8 (17.0.5+8) (build 17.0.5+8)
# Java VM: OpenJDK 64-Bit Server VM Temurin-17.0.5+8 (17.0.5+8, mixed mode, tiered, compressed oops, compressed class ptrs, g1 gc, windows-amd64)
GC Precious Log:
 CPUs: 16 total, 16 available
 Memory: 16108M
 Large Page Support: Disabled
 NUMA Support: Disabled
 Compressed Oops: Enabled (Zero based)
 Heap Region Size: 2M
 Heap Min Capacity: 8M
 Heap Initial Capacity: 252M
 Heap Max Capacity: 4028M
 Pre-touch: Disabled
 Parallel Workers: 13
 Concurrent Workers: 3
 Concurrent Refinement Workers: 13
 Periodic GC: Disabled
Heap:
 garbage-first heap   total 153600K, used 56729K [0x0000000704400000, 0x0000000800000000)
  region size 2048K, 6 young (12288K), 1 survivors (2048K)
 Metaspace       used 46725K, committed 47104K, reserved 1097728K
  class space    used 5255K, committed 5440K, reserved 1048576K
GC Heap History (20 events):
Event: 7.005 GC heap before
{Heap before GC invocations=5 (full 0):
 garbage-first heap   total 49152K, used 26414K [0x0000000704400000, 0x0000000800000000)
  region size 2048K, 9 young (18432K), 1 survivors (2048K)
 Metaspace       used 34125K, committed 34496K, reserved 1081344K
  class space    used 3828K, committed 4032K, reserved 1048576K
}
Event: 7.006 GC heap after
{Heap after GC invocations=6 (full 0):
 garbage-first heap   total 49152K, used 13264K [0x0000000704400000, 0x0000000800000000)
  region size 2048K, 1 young (2048K), 1 survivors (2048K)
 Metaspace       used 34125K, committed 34496K, reserved 1081344K
  class space    used 3828K, committed 4032K, reserved 1048576K
}
Event: 7.071 GC heap before
{Heap before GC invocations=6 (full 0):
 garbage-first heap   total 49152K, used 17360K [0x0000000704400000, 0x0000000800000000)
  region size 2048K, 4 young (8192K), 1 survivors (2048K)
 Metaspace       used 35562K, committed 35968K, reserved 1081344K
  class space    used 4018K, committed 4224K, reserved 1048576K
}
Event: 7.072 GC heap after
{Heap after GC invocations=7 (full 0):
 garbage-first heap   total 49152K, used 13417K [0x0000000704400000, 0x0000000800000000)
  region size 2048K, 1 young (2048K), 1 survivors (2048K)
 Metaspace       used 35562K, committed 35968K, reserved 1081344K
  class space    used 4018K, committed 4224K, reserved 1048576K
}
Event: 7.132 GC heap before
{Heap before GC invocations=8 (full 0):
 garbage-first heap   total 49152K, used 31849K [0x0000000704400000, 0x0000000800000000)
  region size 2048K, 10 young (20480K), 1 survivors (2048K)
 Metaspace       used 36661K, committed 37056K, reserved 1089536K
  class space    used 4158K, committed 4352K, reserved 1048576K
}
Event: 7.134 GC heap after
{Heap after GC invocations=9 (full 0):
 garbage-first heap   total 49152K, used 14064K [0x0000000704400000, 0x0000000800000000)
  region size 2048K, 2 young (4096K), 2 survivors (4096K)
 Metaspace       used 36661K, committed 37056K, reserved 1089536K
  class space    used 4158K, committed 4352K, reserved 1048576K
}
Event: 7.143 GC heap before
{Heap before GC invocations=9 (full 0):
 garbage-first heap   total 49152K, used 32496K [0x0000000704400000, 0x0000000800000000)
  region size 2048K, 11 young (22528K), 2 survivors (4096K)
 Metaspace       used 36661K, committed 37056K, reserved 1089536K
  class space    used 4158K, committed 4352K, reserved 1048576K
}
Event: 7.147 GC heap after
{Heap after GC invocations=10 (full 0):
 garbage-first heap   total 153600K, used 14701K [0x0000000704400000, 0x0000000800000000)
  region size 2048K, 1 young (2048K), 1 survivors (2048K)
 Metaspace       used 36661K, committed 37056K, reserved 1089536K
  class space    used 4158K, committed 4352K, reserved 1048576K
}
Event: 7.947 GC heap before
{Heap before GC invocations=10 (full 0):
 garbage-first heap   total 153600K, used 104813K [0x0000000704400000, 0x0000000800000000)
  region size 2048K, 45 young (92160K), 1 survivors (2048K)
 Metaspace       used 39650K, committed 40064K, reserved 1089536K
  class space    used 4512K, committed 4736K, reserved 1048576K
}
Event: 7.964 GC heap after
{Heap after GC invocations=11 (full 0):
 garbage-first heap   total 153600K, used 40666K [0x0000000704400000, 0x0000000800000000)
  region size 2048K, 6 young (12288K), 6 survivors (12288K)
 Metaspace       used 39650K, committed 40064K, reserved 1089536K
  class space    used 4512K, committed 4736K, reserved 1048576K
}
Event: 15.631 GC heap before
{Heap before GC invocations=11 (full 0):
 garbage-first heap   total 153600K, used 91866K [0x0000000704400000, 0x0000000800000000)
  region size 2048K, 31 young (63488K), 6 survivors (12288K)
 Metaspace       used 44884K, committed 45312K, reserved 1089536K
  class space    used 5103K, committed 5312K, reserved 1048576K
}
Event: 15.646 GC heap after
{Heap after GC invocations=12 (full 0):
 garbage-first heap   total 153600K, used 46939K [0x0000000704400000, 0x0000000800000000)
  region size 2048K, 3 young (6144K), 3 survivors (6144K)
 Metaspace       used 44884K, committed 45312K, reserved 1089536K
  class space    used 5103K, committed 5312K, reserved 1048576K
}
Event: 17.480 GC heap before
{Heap before GC invocations=12 (full 0):
 garbage-first heap   total 153600K, used 96091K [0x0000000704400000, 0x0000000800000000)
  region size 2048K, 28 young (57344K), 3 survivors (6144K)
 Metaspace       used 45013K, committed 45440K, reserved 1089536K
  class space    used 5104K, committed 5312K, reserved 1048576K
}
Event: 17.485 GC heap after
{Heap after GC invocations=13 (full 0):
 garbage-first heap   total 153600K, used 49699K [0x0000000704400000, 0x0000000800000000)
  region size 2048K, 2 young (4096K), 2 survivors (4096K)
 Metaspace       used 45013K, committed 45440K, reserved 1089536K
  class space    used 5104K, committed 5312K, reserved 1048576K
}
Event: 20.394 GC heap before
{Heap before GC invocations=13 (full 0):
 garbage-first heap   total 153600K, used 104995K [0x0000000704400000, 0x0000000800000000)
  region size 2048K, 29 young (59392K), 2 survivors (4096K)
 Metaspace       used 45199K, committed 45632K, reserved 1089536K
  class space    used 5104K, committed 5312K, reserved 1048576K
}
Event: 20.397 GC heap after
{Heap after GC invocations=14 (full 0):
 garbage-first heap   total 153600K, used 48720K [0x0000000704400000, 0x0000000800000000)
  region size 2048K, 1 young (2048K), 1 survivors (2048K)
 Metaspace       used 45199K, committed 45632K, reserved 1089536K
  class space    used 5104K, committed 5312K, reserved 1048576K
}
Event: 22.574 GC heap before
{Heap before GC invocations=14 (full 0):
 garbage-first heap   total 153600K, used 108112K [0x0000000704400000, 0x0000000800000000)
  region size 2048K, 30 young (61440K), 1 survivors (2048K)
 Metaspace       used 45345K, committed 45760K, reserved 1089536K
  class space    used 5104K, committed 5312K, reserved 1048576K
}
Event: 22.576 GC heap after
{Heap after GC invocations=15 (full 0):
 garbage-first heap   total 153600K, used 48355K [0x0000000704400000, 0x0000000800000000)
  region size 2048K, 1 young (2048K), 1 survivors (2048K)
 Metaspace       used 45345K, committed 45760K, reserved 1089536K
  class space    used 5104K, committed 5312K, reserved 1048576K
}
Event: 26.037 GC heap before
{Heap before GC invocations=15 (full 0):
 garbage-first heap   total 153600K, used 111843K [0x0000000704400000, 0x0000000800000000)
  region size 2048K, 32 young (65536K), 1 survivors (2048K)
 Metaspace       used 45455K, committed 45888K, reserved 1089536K
  class space    used 5105K, committed 5312K, reserved 1048576K
}
Event: 26.040 GC heap after
{Heap after GC invocations=16 (full 0):
 garbage-first heap   total 153600K, used 48537K [0x0000000704400000, 0x0000000800000000)
  region size 2048K, 1 young (2048K), 1 survivors (2048K)
 Metaspace       used 45455K, committed 45888K, reserved 1089536K
  class space    used 5105K, committed 5312K, reserved 1048576K
}

